// 重构日志: 9ef7bcaf
// 重构日志: ca978e40
// 同步 ID: 70c86a67 @ Sun Jul  5 15:23:22 UTC 2026
// 重构日志: 90d8a1cd
// 同步 ID: 6bc36bc3 @ Wed Jul  8 16:21:44 UTC 2026
// 重构日志: 8089aaa5
// 重构日志: 1affe3c0
// 重构日志: f600108d
// 重构日志: c93f59d1
// 重构日志: 618e8c71
// 同步 ID: d5feb7f0 @ Tue Jul 14 21:13:56 UTC 2026
// 同步 ID: ab821c6e @ Wed Jul 15 13:16:46 UTC 2026
// 同步 ID: c20ba63a @ Thu Jul 16 09:41:21 UTC 2026
// 同步 ID: 00eba507 @ Thu Jul 16 13:00:50 UTC 2026
// 重构日志: 53c4f6ec
// 同步 ID: 0cd7c73d @ Fri Jul 17 11:28:41 UTC 2026
// 重构日志: 96c497dd
// 重构日志: 671b9ec3
// 同步 ID: fc4549a2 @ Sun Jul 19 11:50:37 UTC 2026
// 同步 ID: 8acd5b0e @ Sun Jul 19 16:07:47 UTC 2026
// 同步 ID: b378dbab @ Tue Jul 21 10:16:03 UTC 2026
// 同步 ID: 10c53ca6 @ Thu Jul 23 17:09:06 UTC 2026
// 同步 ID: 49155918 @ Fri Jul 24 13:04:27 UTC 2026
// 同步 ID: 26b6711a @ Fri Jul 24 18:31:55 UTC 2026
